   0.0099999998,   0.9998999834,  -0.0099999998
   0.0199999996,   0.9997257590,  -0.0174245853
   0.0299999993,   0.9994797111,  -0.0246068276
   0.0399999991,   0.9991391301,  -0.0340552293
   0.0499999970,   0.9986776710,  -0.0461467505
   0.0599999987,   0.9980898499,  -0.0587795675
   0.0700000003,   0.9973968267,  -0.0693048239
   0.0799999982,   0.9966272116,  -0.0769613013
   0.0899999961,   0.9957914352,  -0.0835746899
   0.0999999940,   0.9948726296,  -0.0918783769
   0.1099999994,   0.9938426614,  -0.1029997692
   0.1199999973,   0.9926884174,  -0.1154231653
   0.1299999952,   0.9914246202,  -0.1263826489
   0.1400000006,   0.9900805950,  -0.1344044805
   0.1499999911,   0.9886739850,  -0.1406614333
   0.1599999964,   0.9871950746,  -0.1478940099
   0.1700000018,   0.9856161475,  -0.1578902006
   0.1799999923,   0.9839177132,  -0.1698411107
   0.1899999976,   0.9821068645,  -0.1810840517
   0.1999999881,   0.9802113771,  -0.1895500720
   0.2099999934,   0.9782547355,  -0.1956656128
   0.2199999988,   0.9762351513,  -0.2019598782
   0.2299999893,   0.9741277695,  -0.2107389867
   0.2399999946,   0.9719080925,  -0.2219652236
   0.2500000000,   0.9695751667,  -0.2332912087
   0.2599999905,   0.9671530128,  -0.2422175556
   0.2699999809,   0.9646691084,  -0.2483903319
   0.2800000012,   0.9621298313,  -0.2539259493
   0.2899999917,   0.9595151544,  -0.2614648938
   0.2999999821,   0.9567977190,  -0.2717436254
   0.3100000024,   0.9539685249,  -0.2829169929
   0.3199999928,   0.9510459900,  -0.2922542095
   0.3299999833,   0.9480594993,  -0.2986491323
   0.3400000036,   0.9450231194,  -0.3036367595
   0.3499999940,   0.9419233203,  -0.3099815547
   0.3599999845,   0.9387319684,  -0.3191354275
   0.3700000048,   0.9354329705,  -0.3299024105
   0.3799999952,   0.9320375919,  -0.3395378590
   0.3899999857,   0.9285748601,  -0.3462714553
   0.3999999762,   0.9250655174,  -0.3509344459
   0.4099999964,   0.9215035439,  -0.3561950624
   0.4199999869,   0.9178624749,  -0.3641049564
   0.4299999774,   0.9141203761,  -0.3742126226
   0.4399999976,   0.9102805853,  -0.3839780986
   0.4499999881,   0.9063695073,  -0.3911078870
   0.4599999785,   0.9024128914,  -0.3956633210
   0.4699999988,   0.8984128237,  -0.4000037909
   0.4799999893,   0.8943466544,  -0.4066171944
   0.4899999797,   0.8901883364,  -0.4158323407
   0.5000000000,   0.8859331608,  -0.4255163372
   0.5099999905,   0.8816028237,  -0.4330352247
   0.5199999809,   0.8772260547,  -0.4376754165
   0.5299999714,   0.8728130460,  -0.4412994087
   0.5399999619,   0.8683466911,  -0.4466332495
   0.5500000119,   0.8637990952,  -0.4547598958
   0.5600000024,   0.8591578603,  -0.4641233683
   0.5699999928,   0.8544382453,  -0.4719589949
   0.5799999833,   0.8496698737,  -0.4768350720
   0.5899999738,   0.8448702097,  -0.4799689651
   0.5999999642,   0.8400291204,  -0.4841076136
   0.6100000143,   0.8351191282,  -0.4910017848
   0.6200000048,   0.8301211596,  -0.4997963309
   0.6299999952,   0.8250430226,  -0.5078160763
   0.6399999857,   0.8199127913,  -0.5130253434
   0.6499999762,   0.8147537708,  -0.5158993006
   0.6599999666,   0.8095638752,  -0.5189868212
   0.6699999571,   0.8043181896,  -0.5245671272
   0.6800000072,   0.7989926338,  -0.5325540304
   0.6899999976,   0.7935869098,  -0.5405749679
   0.6999999881,   0.7881253958,  -0.5461522937
   0.7099999785,   0.7826355696,  -0.5489810705
   0.7199999690,   0.7771234512,  -0.5512093306
   0.7299999595,   0.7715688348,  -0.5554630756
   0.7400000095,   0.7659445405,  -0.5624317527
   0.7500000000,   0.7602422237,  -0.5702344775
   0.7599999905,   0.7544807196,  -0.5761490464
   0.7699999809,   0.7486895919,  -0.5791147947
   0.7799999714,   0.7428824902,  -0.5807075500
   0.7899999619,   0.7370455861,  -0.5836909413
   0.7999999523,   0.7311508060,  -0.5894752741
   0.8100000024,   0.7251825929,  -0.5968210697
   0.8199999928,   0.7191528082,  -0.6029784083
   0.8299999833,   0.7130906582,  -0.6062154174
   0.8399999738,   0.7070165277,  -0.6074101925
   0.8499999642,   0.7009240985,  -0.6092437506
   0.8599999547,   0.6947867274,  -0.6137350202
   0.8700000048,   0.6885828972,  -0.6203845739
   0.8799999952,   0.6823165417,  -0.6266338825
   0.8899999857,   0.6760143638,  -0.6302176714
   0.8999999762,   0.6697018743,  -0.6312465072
   0.9099999666,   0.6633808017,  -0.6321052909
   0.9199999571,   0.6570281982,  -0.6352605820
   0.9300000072,   0.6506182551,  -0.6409929395
   0.9399999976,   0.6441468596,  -0.6471390724
   0.9499999881,   0.6376360655,  -0.6510806084
   0.9599999785,   0.6311145425,  -0.6521517634
   0.9699999690,   0.6245920062,  -0.6522513628
   0.9799999595,   0.6180510521,  -0.6540971994
   0.9899999499,   0.6114637852,  -0.6587273479
   1.0000000000,   0.6048183441,  -0.6645460129
   1.0099999905,   0.5981304646,  -0.6687905788
   1.0199999809,   0.5914297700,  -0.6700718999
   1.0299999714,   0.5847332478,  -0.6696513295
   1.0399999619,   0.5780304074,  -0.6702814698
   1.0499999523,   0.5712936521,  -0.6736752391
   1.0599999428,   0.5645043254,  -0.6789314151
   1.0699999332,   0.5576707125,  -0.6833632588
   1.0799999237,   0.5508210063,  -0.6849688292
   1.0900000334,   0.5439782739,  -0.6842717528
   1.1000000238,   0.5371398926,  -0.6838399172
   1.1100000143,   0.5302806497,  -0.6859248281
   1.1200000048,   0.5233767629,  -0.6903916001
   1.1299999952,   0.5164283514,  -0.6948434114
   1.1399999857,   0.5094600916,  -0.6968249679
   1.1499999762,   0.5024992824,  -0.6960805058
   1.1599999666,   0.4955514073,  -0.6947888136
   1.1699999571,   0.4885958135,  -0.6955603957
   1.1799999475,   0.4816054404,  -0.6990376115
   1.1899999380,   0.4745723903,  -0.7033042908
   1.1999999285,   0.4675159156,  -0.7056477666
   1.2099999189,   0.4604654014,  -0.7050528526
   1.2200000286,   0.4534340501,  -0.7031357884
   1.2300000191,   0.4464074671,  -0.7026583552
   1.2400000095,   0.4393575788,  -0.7049888968
   1.2500000000,   0.4322691262,  -0.7088446021
   1.2599999905,   0.4251544178,  -0.7114712000
   1.2699999809,   0.4180426598,  -0.7111753821
   1.2799999714,   0.4109538496,  -0.7088820338
   1.2899999619,   0.4038810134,  -0.7072840929
   1.2999999523,   0.3967973590,  -0.7083669305
   1.3099999428,   0.3896815181,  -0.7115834355
   1.3199999332,   0.3825379610,  -0.7143571377
   1.3299999237,   0.3753934503,  -0.7144514322
   1.3399999142,   0.3682731986,  -0.7120262384
   1.3500000238,   0.3611782789,  -0.7094910741
   1.3600000143,   0.3540853858,  -0.7092903256
   1.3700000048,   0.3469688296,  -0.7116560340
   1.3799999952,   0.3398248851,  -0.7143949866
   1.3899999857,   0.3326758444,  -0.7149053812
   1.3999999762,   0.3255501390,  -0.7125693560
   1.4099999666,   0.3184569180,  -0.7093212605
   1.4199999571,   0.3113782108,  -0.7078697085
   1.4299999475,   0.3042861223,  -0.7092075944
   1.4399999380,   0.2971691191,  -0.7116994262
   1.4499999285,   0.2900432646,  -0.7125856876
   1.4599999189,   0.2829380631,  -0.7105199695
   1.4699999094,   0.2758699954,  -0.7068073153
   1.4800000191,   0.2688279450,  -0.7042047977
   1.4900000095,   0.2617840767,  -0.7043870687
   1.5000000000,   0.2547200024,  -0.7064069510
   1.5099999905,   0.2476443350,  -0.7075667381
   1.5199999809,   0.2405853420,  -0.7058988810
   1.5299999714,   0.2335655838,  -0.7019752860
   1.5399999619,   0.2265817672,  -0.6983819008
   1.5499999523,   0.2196083516,  -0.6973415613
   1.5599999428,   0.2126216441,  -0.6986708641
   1.5699999332,   0.2056221515,  -0.6999490857
   1.5799999237,   0.1986347139,  -0.6987442374
   1.5899999142,   0.1916862130,  -0.6948493719
   1.5999999046,   0.1847814769,  -0.6904734373
   1.6100000143,   0.1778993756,  -0.6882105470
   1.6200000048,   0.1710128188,  -0.6886557341
   1.6299999952,   0.1641142368,  -0.6898579001
   1.6399999857,   0.1572230905,  -0.6891145110
   1.6499999762,   0.1503685266,  -0.6854563951
   1.6599999666,   0.1435631365,  -0.6805394292
   1.6699999571,   0.1367919147,  -0.6771224737
   1.6799999475,   0.1300265938,  -0.6765314341
   1.6899999380,   0.1232521906,  -0.6774405241
   1.6999999285,   0.1164812744,  -0.6770918369
   1.7099999189,   0.1097429618,  -0.6738312244
   1.7199999094,   0.1030566618,  -0.6686297655
   1.7300000191,   0.0964147523,  -0.6641911268
   1.7400000095,   0.0897900835,  -0.6624667645
   1.7500000000,   0.0831614658,  -0.6628617048
   1.7599999905,   0.0765336454,  -0.6627823710
   1.7699999809,   0.0699334294,  -0.6600215435
   1.7799999714,   0.0633855462,  -0.6547879577
   1.7899999619,   0.0568903945,  -0.6495150924
   1.7999999523,   0.0504241511,  -0.6466242671
   1.8099999428,   0.0439611636,  -0.6462988257
   1.8199999332,   0.0374980010,  -0.6463162899
   1.8299999237,   0.0310570803,  -0.6440920234
   1.8399999142,   0.0246665180,  -0.6390561461
   1.8499999046,   0.0183347408,  -0.6331777573
   1.8600000143,   0.0120431883,  -0.6291552782
   1.8700000048,   0.0057638278,  -0.6279360652
   1.8799999952,  -0.0005146274,  -0.6278455257
   1.8899999857,  -0.0067759044,  -0.6261277199
   1.8999999762,  -0.0129906982,  -0.6214793921
   1.9099999666,  -0.0191431865,  -0.6152487397
   1.9199999571,  -0.0252451487,  -0.6101962924
   1.9299999475,  -0.0313247256,  -0.6079577208
   1.9399999380,  -0.0374001265,  -0.6075400710
   1.9499999285,  -0.0434624813,  -0.6062355042
   1.9599999189,  -0.0494835936,  -0.6021112800
   1.9699999094,  -0.0554414652,  -0.5957872868
   1.9799998999,  -0.0613401309,  -0.5898664594
   1.9900000095,  -0.0672055557,  -0.5865424275
   2.0000000000,  -0.0730613843,  -0.5855830312
   2.0099999905,  -0.0789068267,  -0.5845443606
   2.0199999809,  -0.0847170055,  -0.5810182691
   2.0299999714,  -0.0904654711,  -0.5748468041
   2.0399999619,  -0.0961481482,  -0.5682679415
   2.0499999523,  -0.1017867327,  -0.5638587475
   2.0599999428,  -0.1074083969,  -0.5621662736
   2.0699999332,  -0.1130204499,  -0.5612052679
   2.0799999237,  -0.1186032891,  -0.5582839251
   2.0899999142,  -0.1241280809,  -0.5524793267
   2.0999999046,  -0.1295829415,  -0.5454862714
   2.1099998951,  -0.1349835396,  -0.5400598049
   2.1199998856,  -0.1403583735,  -0.5374827981
   2.1299998760,  -0.1457222402,  -0.5363868475
   2.1399998665,  -0.1510623544,  -0.5340110660
   2.1499998569,  -0.1563497633,  -0.5287408233
   2.1599998474,  -0.1615656912,  -0.5215929151
   2.1699998379,  -0.1667184979,  -0.5152811408
   2.1800000668,  -0.1718357205,  -0.5117217302
   2.1900000572,  -0.1769384444,  -0.5102723837
   2.2000000477,  -0.1820216775,  -0.5083228946
   2.2100000381,  -0.1870586425,  -0.5036959052
   2.2200000286,  -0.1920251250,  -0.4966490269
   2.2300000191,  -0.1969215125,  -0.4896386862
   2.2400000095,  -0.2017721385,  -0.4850620925
   2.2500000000,  -0.2066026777,  -0.4830539227
   2.2599999905,  -0.2114163041,  -0.4813629091
   2.2699999809,  -0.2161905318,  -0.4774222672
   2.2799999714,  -0.2208976299,  -0.4707100987
   2.2899999619,  -0.2255299240,  -0.4632297158
   2.2999999523,  -0.2301066071,  -0.4576683939
   2.3099999428,  -0.2346558720,  -0.4549271762
   2.3199999332,  -0.2391888052,  -0.4532930553
   2.3299999237,  -0.2436889410,  -0.4500143528
   2.3399999142,  -0.2481272519,  -0.4438311756
   2.3499999046,  -0.2524885833,  -0.4361342788
   2.3599998951,  -0.2567854524,  -0.4296869338
   2.3699998856,  -0.2610462904,  -0.4260848761
   2.3799998760,  -0.2652891874,  -0.4242898524
   2.3899998665,  -0.2695050240,  -0.4215845764
   2.3999998569,  -0.2736657262,  -0.4160715640
   2.4099998474,  -0.2777498960,  -0.4084182382
   2.4199998379,  -0.2817623317,  -0.4012437463
   2.4299998283,  -0.2857294381,  -0.3967114687
   2.4400000572,  -0.2896748483,  -0.3945406377
   2.4500000477,  -0.2935974896,  -0.3922647834
   2.4600000381,  -0.2974724770,  -0.3875001371
   2.4700000286,  -0.3012738526,  -0.3801376224
   2.4800000191,  -0.3049982786,  -0.3724437654
   2.4900000095,  -0.3086680472,  -0.3669773042
   2.5000000000,  -0.3123104274,  -0.3642372191
   2.5099999905,  -0.3159324825,  -0.3622045219
   2.5199999809,  -0.3195144832,  -0.3581989706
   2.5299999714,  -0.3230279088,  -0.3513438106
   2.5399999619,  -0.3264616430,  -0.3433723450
   2.5499999523,  -0.3298319876,  -0.3370348811
   2.5599999428,  -0.3331677020,  -0.3335705698
   2.5699999332,  -0.3364833891,  -0.3315686584
   2.5799999237,  -0.3397660553,  -0.3282660544
   2.5899999142,  -0.3429869413,  -0.3220881522
   2.5999999046,  -0.3461278975,  -0.3140970767
   2.6099998951,  -0.3491980433,  -0.3070155978
   2.6199998856,  -0.3522252738,  -0.3027243912
   2.6299998760,  -0.3552305996,  -0.3005333841
   2.6399998665,  -0.3582087755,  -0.2978167534
   2.6499998569,  -0.3611330390,  -0.2924275398
   2.6599998474,  -0.3639797568,  -0.2846720517
   2.6699998379,  -0.3667500317,  -0.2770287395
   2.6799998283,  -0.3694687188,  -0.2718698978
   2.6900000572,  -0.3721615374,  -0.2692813277
   2.7000000477,  -0.3748313785,  -0.2669836283
   2.7100000381,  -0.3774556518,  -0.2624285221
   2.7200000286,  -0.3800070882,  -0.2551422119
   2.7300000191,  -0.3824787140,  -0.2471613586
   2.7400000095,  -0.3848903179,  -0.2411611527
   2.7500000000,  -0.3872702718,  -0.2379961759
   2.7599999905,  -0.3896294236,  -0.2359151542
   2.7699999809,  -0.3919511437,  -0.2321715355
   2.7799999714,  -0.3942066431,  -0.2255491465
   2.7899999619,  -0.3963814378,  -0.2174807638
   2.7999999523,  -0.3984887600,  -0.2107312977
   2.8099999428,  -0.4005573094,  -0.2068561763
   2.8199999332,  -0.4026050270,  -0.2047717869
   2.8299999237,  -0.4046225548,  -0.2017521262
   2.8399999142,  -0.4065819085,  -0.1959355772
   2.8499999046,  -0.4084622860,  -0.1880369037
   2.8599998951,  -0.4102692008,  -0.1806904823
   2.8699998856,  -0.4120294750,  -0.1760287732
   2.8799998760,  -0.4137666821,  -0.1737221628
   2.8899998665,  -0.4154795110,  -0.1712824106
   2.8999998569,  -0.4171430171,  -0.1663507521
   2.9099998474,  -0.4187316895,  -0.1588670313
   2.9199998379,  -0.4202429354,  -0.1511253417
   2.9299998283,  -0.4216995835,  -0.1456652284
   2.9399998188,  -0.4231289625,  -0.1429374516
   2.9500000477,  -0.4245378673,  -0.1408898234
   2.9600000381,  -0.4259064198,  -0.1368543357
   2.9700000286,  -0.4272064269,  -0.1300007105
   2.9800000191,  -0.4284274280,  -0.1221000403
   2.9900000095,  -0.4295864105,  -0.1158968508
   3.0000000000,  -0.4307122827,  -0.1125862375
   3.0099999905,  -0.4318194389,  -0.1107154563
   3.0199999809,  -0.4328946471,  -0.1075199768
   3.0299999714,  -0.4339092970,  -0.1014655754
   3.0399999619,  -0.4348458946,  -0.0936592594
   3.0499999523,  -0.4357142150,  -0.0868318826
   3.0599999428,  -0.4365424812,  -0.0828277916
   3.0699999332,  -0.4373515844,  -0.0809095129
   3.0799999237,  -0.4381359518,  -0.0784361586
   3.0899999142,  -0.4388688803,  -0.0732918084
   3.0999999046,  -0.4395271838,  -0.0658312589
   3.1099998951,  -0.4401127398,  -0.0585541688
   3.1199998856,  -0.4406508207,  -0.0538072549
   3.1299998760,  -0.4411670864,  -0.0516270846
   3.1399998665,  -0.4416641593,  -0.0497068055
   3.1499998569,  -0.4421193302,  -0.0455174111
   3.1599998474,  -0.4425056577,  -0.0386332311
   3.1699998379,  -0.4428168833,  -0.0311236456
   3.1799998283,  -0.4430733919,  -0.0256507508
   3.1899998188,  -0.4433036149,  -0.0230223760
   3.1999998093,  -0.4435181022,  -0.0214495659
   3.2100000381,  -0.4437000155,  -0.0181916859
   3.2200000286,  -0.4438207746,  -0.0120764030
   3.2300000191,  -0.4438665509,  -0.0045780768
   3.2400000095,  -0.4438511729,   0.0015376835
   3.2500000000,  -0.4438036084,   0.0047563110
   3.2599999905,  -0.4437415302,   0.0062064570
   3.2699999809,  -0.4436553121,   0.0086220056
   3.2799999714,  -0.4435170293,   0.0138282524
   3.2899999619,  -0.4433063865,   0.0210634340
   3.2999999523,  -0.4430296123,   0.0276787970
   3.3099999428,  -0.4427138865,   0.0315735526
   3.3199999332,  -0.4423826337,   0.0331260525
   3.3299999237,  -0.4420341849,   0.0348456353
   3.3399999142,  -0.4416435361,   0.0390652828
   3.3499999046,  -0.4411855638,   0.0457964055
   3.3599998951,  -0.4406583905,   0.0527180806
   3.3699998856,  -0.4400852919,   0.0573106147
   3.3799998760,  -0.4394935668,   0.0591718927
   3.3899998665,  -0.4388897121,   0.0603867956
   3.3999998569,  -0.4382536113,   0.0636101291
   3.4099998474,  -0.4375573695,   0.0696255490
   3.4199998379,  -0.4367911220,   0.0766248107
   3.4299998283,  -0.4359724224,   0.0818701014
   3.4399998188,  -0.4351303279,   0.0842107534
   3.4499998093,  -0.4342789054,   0.0851410329
   3.4600000381,  -0.4334046543,   0.0874260515
   3.4700000286,  -0.4324790537,   0.0925594047
   3.4800000191,  -0.4314851463,   0.0993894860
   3.4900000095,  -0.4304333627,   0.1051782891
   3.5000000000,  -0.4293521643,   0.1081184000
   3.5099999905,  -0.4282622337,   0.1089945361
   3.5199999809,  -0.4271576107,   0.1104618385
   3.5299999714,  -0.4260115623,   0.1146045476
   3.5399999619,  -0.4248013794,   0.1210195720
   3.5499999523,  -0.4235295057,   0.1271868497
   3.5599999428,  -0.4222216308,   0.1307861209
   3.5699999332,  -0.4209033251,   0.1318299323
   3.5799999237,  -0.4195767939,   0.1326519549
   3.5899999142,  -0.4182191789,   0.1357611865
   3.5999999046,  -0.4168038368,   0.1415350288
   3.6099998951,  -0.4153251052,   0.1478721350
   3.6199998856,  -0.4138038754,   0.1521241814
   3.6299998760,  -0.4122685790,   0.1535305828
   3.6399998665,  -0.4107294083,   0.1539175659
   3.6499998569,  -0.4091692269,   0.1560190022
   3.6599998474,  -0.4075596035,   0.1609627455
   3.6699998379,  -0.4058872759,   0.1672335118
   3.6799998283,  -0.4041666090,   0.1720659286
   3.6899998188,  -0.4024267495,   0.1739867628
   3.6999998093,  -0.4006850421,   0.1741692722
   3.7099997997,  -0.3989315033,   0.1753544062
   3.7200000286,  -0.3971382082,   0.1793306619
   3.7300000191,  -0.3952853084,   0.1852896214
   3.7400000095,  -0.3933796287,   0.1905689240
   3.7500000000,  -0.3914486170,   0.1931001693
   3.7599999905,  -0.3895155191,   0.1933102757
   3.7699999809,  -0.3875782192,   0.1937289536
   3.7799999714,  -0.3856115937,   0.1966627240
   3.7899999619,  -0.3835908473,   0.2020742446
   3.7999999523,  -0.3815146685,   0.2076164633
   3.8099999428,  -0.3794067502,   0.2107904851
   3.8199999332,  -0.3772943318,   0.2112428695
   3.8299999237,  -0.3751834333,   0.2110905051
   3.8399999142,  -0.3730536997,   0.2129742503
   3.8499999046,  -0.3708773851,   0.2176308930
   3.8599998951,  -0.3686452210,   0.2232155949
   3.8699998856,  -0.3663752377,   0.2269980013
   3.8799998760,  -0.3640965223,   0.2278724015
   3.8899998665,  -0.3618227839,   0.2273742706
   3.8999998569,  -0.3595401049,   0.2282684594
   3.9099998474,  -0.3572200239,   0.2320071459
   3.9199998379,  -0.3548460901,   0.2373946458
   3.9299998283,  -0.3524292111,   0.2416867465
   3.9399998188,  -0.3499980867,   0.2431134880
   3.9499998093,  -0.3475730121,   0.2425065190
   3.9599997997,  -0.3451476693,   0.2425343692
   3.9700000286,  -0.3426951766,   0.2452490479
   3.9800000191,  -0.3401931822,   0.2501993477
   3.9900000095,  -0.3376447260,   0.2548455596
   4.0000000000,  -0.3350757658,   0.2568945885
   4.0099997520,  -0.3325116932,   0.2564081252
   4.0199999809,  -0.3299542367,   0.2557458282
   4.0299997330,  -0.3273802698,   0.2573960125
   4.0399999619,  -0.3247633874,   0.2616876066
   4.0499997139,  -0.3220984936,   0.2664880455
   4.0599999428,  -0.3194068670,   0.2691637278
   4.0699996948,  -0.3167168498,   0.2690012157
   4.0799999237,  -0.3140382171,   0.2678635120
   4.0899996758,  -0.3113534451,   0.2684769034
   4.0999999046,  -0.3086341918,   0.2719244361
   4.1100001335,  -0.3058677018,   0.2766504288
   4.1199998856,  -0.3030687869,   0.2798904181
   4.1300001144,  -0.3002666533,   0.2802130580
   4.1399998665,  -0.2974782884,   0.2788360417
   4.1500000954,  -0.2946932316,   0.2785064876
   4.1599998474,  -0.2918834686,   0.2809754014
   4.1700000763,  -0.2890295982,   0.2853877246
   4.1799998283,  -0.2861389220,   0.2890685499
   4.1900000572,  -0.2832390964,   0.2899824977
   4.1999998093,  -0.2803530395,   0.2886048555
   4.2100000381,  -0.2774781883,   0.2874848843
   4.2199997902,  -0.2745891809,   0.2889019847
   4.2300000191,  -0.2716614902,   0.2927699089
   4.2399997711,  -0.2686943412,   0.2967163920
   4.2500000000,  -0.2657116950,   0.2982641160
   4.2599997520,  -0.2627406120,   0.2971082032
   4.2699999809,  -0.2597866356,   0.2953969240
   4.2799997330,  -0.2568290830,   0.2957564294
   4.2899999619,  -0.2538403273,   0.2988762558
   4.2999997139,  -0.2508115768,   0.3028757274
   4.3099999428,  -0.2477612495,   0.3050327897
   4.3199996948,  -0.2447183877,   0.3042868376
   4.3299999237,  -0.2416962534,   0.3022140265
   4.3399996758,  -0.2386804670,   0.3015780747
   4.3499999046,  -0.2356425673,   0.3037893474
   4.3600001335,  -0.2325664759,   0.3076085150
   4.3699998856,  -0.2294636220,   0.3102857172
   4.3800001144,  -0.2263627350,   0.3100891411
   4.3899998665,  -0.2232837677,   0.3078972101
   4.4000000954,  -0.2202198505,   0.3063910604
   4.4099998474,  -0.2171439528,   0.3075896204
   4.4200000763,  -0.2140340209,   0.3109935224
   4.4299998283,  -0.2108935714,   0.3140442967
   4.4400000572,  -0.2077488005,   0.3144768178
   4.4499998093,  -0.2046247870,   0.3124016821
   4.4600000381,  -0.2015227526,   0.3102039397
   4.4699997902,  -0.1984192431,   0.3103502691
   4.4800000191,  -0.1952880323,   0.3131211102
   4.4899997711,  -0.1921245009,   0.3163532019
   4.5000000000,  -0.1889502108,   0.3174284399
   4.5099997520,  -0.1857933998,   0.3156809211
   4.5199999809,  -0.1826633066,   0.3130097091
   4.5299997330,  -0.1795419753,   0.3121325672
   4.5399999619,  -0.1764010936,   0.3140874505
   4.5499997139,  -0.1732283086,   0.3172786236
   4.5599999428,  -0.1700388789,   0.3189435899
   4.5699996948,  -0.1668619514,   0.3176931143
   4.5799999237,  -0.1637140661,   0.3147887886
   4.5899996758,  -0.1605842412,   0.3129830658
   4.5999999046,  -0.1574443579,   0.3139888644
   4.6100001335,  -0.1542753130,   0.3169049919
   4.6199998856,  -0.1510848701,   0.3190445602
   4.6300001144,  -0.1479008198,   0.3184057474
   4.6399998665,  -0.1447456926,   0.3155122101
   4.6500000954,  -0.1416163743,   0.3129319549
   4.6599998474,  -0.1384872049,   0.3129163086
   4.6700000763,  -0.1353338957,   0.3153302968
   4.6799998283,  -0.1321561337,   0.3177769482
   4.6900000572,  -0.1289781183,   0.3178011775
   4.6999998093,  -0.1258266419,   0.3151469529
   4.7100000381,  -0.1227067113,   0.3119931519
   4.7199997902,  -0.1195972115,   0.3109503686
   4.7300000191,  -0.1164706051,   0.3126606643
   4.7399997711,  -0.1133185253,   0.3152078986
   4.7500000000,  -0.1101597324,   0.3158792555
   4.7599997520,  -0.1070231348,   0.3136595190
   4.7699999809,  -0.1039214879,   0.3101650178
   4.7799997330,  -0.1008399129,   0.3081573546
   4.7899999619,  -0.0977498665,   0.3090046644
   4.7999997139,  -0.0946356282,   0.3114241958
   4.8099999428,  -0.0915090144,   0.3126615584
   4.8199996948,  -0.0883987844,   0.3110232651
   4.8299999237,  -0.0853244439,   0.3074342608
   4.8399996758,  -0.0822785720,   0.3045872748
   4.8499999046,  -0.0792338997,   0.3044675589
   4.8599996567,  -0.0761686191,   0.3065279126
   4.8699998856,  -0.0730867013,   0.3081917763
   4.8800001144,  -0.0700144768,   0.3072223365
   4.8899998665,  -0.0669766814,   0.3037794530
   4.9000000954,  -0.0639739558,   0.3002725840
   4.9099998474,  -0.0609824955,   0.2991459668
   4.9200000763,  -0.0579761826,   0.3006314039
   4.9299998283,  -0.0549508259,   0.3025355339
   4.9400000572,  -0.0519282594,   0.3022565246
   4.9499998093,  -0.0489364974,   0.2991762161
   4.9600000381,  -0.0459842086,   0.2952289879
   4.9699997902,  -0.0430529751,   0.2931232750
   4.9800000191,  -0.0401144587,   0.2938515544
   4.9899997711,  -0.0371566750,   0.2957784832
   5.0000000000,  -0.0341952331,   0.2961442471
   5.0099997520,  -0.0312592126,   0.2936021686
   5.0199999809,  -0.0283646397,   0.2894573510
   5.0299997330,  -0.0254999734,   0.2864666581
   5.0399999619,  -0.0226369295,   0.2863043249
   5.0499997139,  -0.0197566971,   0.2880231440
   5.0599999428,  -0.0168674439,   0.2889252305
   5.0699996948,  -0.0139970165,   0.2870427370
   5.0799999237,  -0.0111675411,   0.2829475403
   5.0899996758,  -0.0083752880,   0.2792253196
   5.0999999046,  -0.0055943010,   0.2780987024
   5.1099996567,  -0.0028004597,   0.2793841362
   5.1199998856,   0.0000061458,   0.2806605697
   5.1300001144,   0.0028011035,   0.2794957757
   5.1399998665,   0.0055579310,   0.2756827474
   5.1500000954,   0.0082722334,   0.2714302242
   5.1599998474,   0.0109655550,   0.2693321705
   5.1700000763,   0.0136653865,   0.2699831724
   5.1799998283,   0.0163797066,   0.2714319229
   5.1900000572,   0.0190894622,   0.2709756196
   5.1999998093,   0.0217659120,   0.2676450014
   5.2100000381,   0.0243968703,   0.2630957663
   5.2199997902,   0.0269977357,   0.2600865364
   5.2300000191,   0.0295971651,   0.2599428594
   5.2399997711,   0.0322105512,   0.2613387108
   5.2500000000,   0.0348257087,   0.2615158558
   5.2599997520,   0.0374139100,   0.2588199675
   5.2699999809,   0.0399561301,   0.2542219162
   5.2799997330,   0.0424603820,   0.2504253387
   5.2899999619,   0.0449541919,   0.2493811399
   5.2999997139,   0.0474591330,   0.2504941225
   5.3099999428,   0.0499708354,   0.2511703968
   5.3199996948,   0.0524628609,   0.2492025048
   5.3299999237,   0.0549108498,   0.2447990626
   5.3399996758,   0.0573147833,   0.2403932810
   5.3499999046,   0.0596988425,   0.2384059131
   5.3599996567,   0.0620890483,   0.2390204072
   5.3699998856,   0.0644891858,   0.2400138080
   5.3800001144,   0.0668771937,   0.2388011068
   5.3899998665,   0.0692253187,   0.2348122299
   5.4000000954,   0.0715254843,   0.2300161868
   5.4099998474,   0.0737965927,   0.2271110713
   5.4200000763,   0.0760670304,   0.2270436883
   5.4299998283,   0.0783484206,   0.2281393111
   5.4400000572,   0.0806248337,   0.2276416123
   5.4499998093,   0.0828673020,   0.2242471278
   5.4600000381,   0.0850603431,   0.2193038166
   5.4699997902,   0.0872160643,   0.2155720443
   5.4800000191,   0.0893629342,   0.2146869153
   5.4899997711,   0.0915194899,   0.2156552523
   5.5000000000,   0.0936771780,   0.2157688737
   5.5099997520,   0.0958081260,   0.2130948007
   5.5199999809,   0.0978906527,   0.2082526237
   5.5299997330,   0.0999291018,   0.2038450986
   5.5399999619,   0.1019497588,   0.2020654082
   5.5499997139,   0.1039765701,   0.2026810199
   5.5599999428,   0.1060090438,   0.2032477111
   5.5699996948,   0.1080226153,   0.2013569623
   5.5799999237,   0.1099911183,   0.1968506426
   5.5899996758,   0.1119107828,   0.1919665784
   5.5999999046,   0.1138035953,   0.1892811954
   5.6099996567,   0.1156970114,   0.1893415153
   5.6199998856,   0.1175986305,   0.1901617944
   5.6299996376,   0.1194891259,   0.1890498251
   5.6399998665,   0.1213399544,   0.1850825399
   5.6500000954,   0.1231395006,   0.1799543351
   5.6599998474,   0.1249037012,   0.1764200777
   5.6700000763,   0.1266613156,   0.1757621616
   5.6799998283,   0.1284274310,   0.1766117811
   5.6900000572,   0.1301895082,   0.1762076914
   5.6999998093,   0.1319188625,   0.1729350835
   5.7100000381,   0.1335969716,   0.1678104699
   5.7199997902,   0.1352324486,   0.1635473371
   5.7300000191,   0.1368530691,   0.1620616168
   5.7399997711,   0.1384801716,   0.1627103686
   5.7500000000,   0.1401090026,   0.1628832072
   5.7599997520,   0.1417130232,   0.1604024023
   5.7699999809,   0.1432682723,   0.1555254012
   5.7799997330,   0.1447753608,   0.1507082731
   5.7899999619,   0.1462588459,   0.1483479142
   5.7999997139,   0.1477446258,   0.1485784948
   5.8099999428,   0.1492361128,   0.1491484046
   5.8199996948,   0.1507110149,   0.1474905312
   5.8299999237,   0.1521418393,   0.1430827379
   5.8399996758,   0.1535211205,   0.1379280537
   5.8499999046,   0.1548682600,   0.1347132325
   5.8599996567,   0.1562116593,   0.1343392581
   5.8699998856,   0.1575625837,   0.1350924969
   5.8799996376,   0.1589047909,   0.1342209578
   5.8899998665,   0.1602094322,   0.1304646730
   5.9000000954,   0.1614615768,   0.1252137870
   5.9099998474,   0.1626738906,   0.1212314144
   5.9200000763,   0.1638750136,   0.1201129034
   5.9299998283,   0.1650832146,   0.1208194867
   5.9400000572,   0.1662895530,   0.1206335127
   5.9499998093,   0.1674661189,   0.1176572889
   5.9600000381,   0.1685916930,   0.1125579849
   5.9699997902,   0.1696712375,   0.1079544500
   5.9800000191,   0.1707313359,   0.1060096920
   5.9899997711,   0.1717957556,   0.1064423993
   6.0000000000,   0.1728636175,   0.1067857966
   6.0099997520,   0.1739101708,   0.1046557724
   6.0199999809,   0.1749096066,   0.0999430642
   6.0299997330,   0.1758587509,   0.0949138626
   6.0399999619,   0.1767800152,   0.0921265334
   6.0499997139,   0.1777008176,   0.0920796543
   6.0599999428,   0.1786283553,   0.0927538052
   6.0699996948,   0.1795430332,   0.0914684460
   6.0799999237,   0.1804164946,   0.0873465687
   6.0899996758,   0.1812377125,   0.0821212083
   6.0999999046,   0.1820231378,   0.0785421431
   6.1099996567,   0.1828016192,   0.0778484568
   6.1199998856,   0.1835879087,   0.0786288232
   6.1299996376,   0.1843691021,   0.0781197920
   6.1399998665,   0.1851165742,   0.0747466832
   6.1500000954,   0.1858122796,   0.0695709884
   6.1599998474,   0.1864654273,   0.0653153583
   6.1700000763,   0.1871040314,   0.0638600588
   6.1799998283,   0.1877491772,   0.0645146221
   6.1900000572,   0.1883957088,   0.0646528378
   6.1999998093,   0.1890169829,   0.0621274747
   6.2100000381,   0.1895894259,   0.0572445951
   6.2199997902,   0.1901142448,   0.0524823628
   6.2300000191,   0.1906163692,   0.0502127931
   6.2399997711,   0.1911215782,   0.0505211242
   6.2500000000,   0.1916328520,   0.0511276089
   6.2599997520,   0.1921276897,   0.0494836904
   6.2699999809,   0.1925788373,   0.0451152995
   6.2799997330,   0.1929794252,   0.0400588848
   6.2899999619,   0.1933493167,   0.0369892828
   6.2999997139,   0.1937169284,   0.0367606506
   6.3099999428,   0.1940931380,   0.0376213267
   6.3199996948,   0.1944613755,   0.0368244648
   6.3299999237,   0.1947929114,   0.0331536382
   6.3399996758,   0.1950733215,   0.0280413758
   6.3499999046,   0.1953158379,   0.0242521111
   6.3599996567,   0.1955492496,   0.0233412050
   6.3699998856,   0.1957914978,   0.0242244452
   6.3799996376,   0.1960332543,   0.0241755899
   6.3899998665,   0.1962465793,   0.0213329121
   6.3999996185,   0.1964106858,   0.0164105613
   6.4099998474,   0.1965311170,   0.0120427273
   6.4200000763,   0.1966347396,   0.0103617366
   6.4299998283,   0.1967451125,   0.0110374428
   6.4400000572,   0.1968609244,   0.0115812710
   6.4499998093,   0.1969572604,   0.0096342284
   6.4600000381,   0.1970086247,   0.0051358966
   6.4699997902,   0.1970124245,   0.0003801235
   6.4800000191,   0.1969914883,  -0.0020937901
   6.4899997711,   0.1969731301,  -0.0018355721
   6.5000000000,   0.1969641447,  -0.0008978187
   6.5099997520,   0.1969446540,  -0.0019487111
   6.5199999809,   0.1968864650,  -0.0058187675
   6.5299997330,   0.1967790872,  -0.0107371341
   6.5399999619,   0.1966394931,  -0.0139595699
   6.5499997139,   0.1964965761,  -0.0142913600
   6.5599999428,   0.1963647157,  -0.0131855989
   6.5699996948,   0.1962306499,  -0.0134071000
   6.5799999237,   0.1960657537,  -0.0164903123
   6.5899996758,   0.1958524734,  -0.0213284306
   6.5999999046,   0.1956005692,  -0.0251910016
   6.6099996567,   0.1953382343,  -0.0262337513
   6.6199998856,   0.1950862855,  -0.0251947064
   6.6299996376,   0.1948391348,  -0.0247149449
   6.6399998665,   0.1945700347,  -0.0269104782
   6.6499996185,   0.1942557693,  -0.0314270705
   6.6599998474,   0.1938981116,  -0.0357652009
   6.6700000763,   0.1935223341,  -0.0375782810
   6.6799998283,   0.1931540370,  -0.0368301906
   6.6900000572,   0.1927957535,  -0.0358280875
   6.6999998093,   0.1924247444,  -0.0371012129
   6.7100000381,   0.1920139939,  -0.0410754159
   6.7199997902,   0.1915571839,  -0.0456815213
   6.7300000191,   0.1910746098,  -0.0482576154
   6.7399997711,   0.1905946434,  -0.0479963198
   6.7500000000,   0.1901277751,  -0.0466869697
   6.7599997520,   0.1896570772,  -0.0470704287
   6.7699999809,   0.1891538799,  -0.0503190495
   6.7799997330,   0.1886042953,  -0.0549587309
   6.7899999619,   0.1880220473,  -0.0582241118
   6.7999997139,   0.1874360442,  -0.0586009324
   6.8099999428,   0.1868638694,  -0.0572181642
   6.8199996948,   0.1862957627,  -0.0568099469
   6.8299999237,   0.1857037395,  -0.0592017472
   6.8399996758,   0.1850674152,  -0.0636319593
   6.8499999046,   0.1843928993,  -0.0674521476
   6.8599996567,   0.1837072819,  -0.0685615838
   6.8699998856,   0.1830338836,  -0.0673391148
   6.8799996376,   0.1823709458,  -0.0662941933
   6.8899998665,   0.1816933453,  -0.0677598789
   6.8999996185,   0.1809758693,  -0.0717480779
   6.9099998474,   0.1802164912,  -0.0759379342
   6.9200000763,   0.1794383973,  -0.0778098628
   6.9299998283,   0.1786687821,  -0.0769621208
   6.9400000572,   0.1779139787,  -0.0754798576
   6.9499998093,   0.1771537960,  -0.0760180578
   6.9600000381,   0.1763601899,  -0.0793605074
   6.9699997902,   0.1755231917,  -0.0836991072
   6.9800000191,   0.1746602356,  -0.0862961784
   6.9899997711,   0.1738002151,  -0.0860014334
   7.0000000000,   0.1729571223,  -0.0843094587
   7.0099997520,   0.1721172631,  -0.0839855745
   7.0199999809,   0.1712520272,  -0.0865233392
   7.0299997330,   0.1703443080,  -0.0907713473
   7.0399999619,   0.1694043875,  -0.0939917490
   7.0499997139,   0.1684606075,  -0.0943774134
   7.0599999428,   0.1675334722,  -0.0927133039
   7.0699996948,   0.1666169316,  -0.0916547850
   7.0799999237,   0.1656840742,  -0.0932862163
   7.0899996758,   0.1647120267,  -0.0972045958
   7.0999999046,   0.1637031287,  -0.1008901075
   7.1099996567,   0.1626829058,  -0.1020225137
   7.1199998856,   0.1616767645,  -0.1006148160
   7.1299996376,   0.1606867611,  -0.0990006998
   7.1399998665,   0.1596898735,  -0.0996892005
   7.1499996185,   0.1586592942,  -0.1030581817
   7.1599998474,   0.1575892270,  -0.1070062593
   7.1700000763,   0.1565003693,  -0.1088851914
   7.1799998283,   0.1554210186,  -0.1079346687
   7.1900000572,   0.1543612033,  -0.1059811562
   7.1999998093,   0.1533036232,  -0.1057586670
   7.2100000381,   0.1522196680,  -0.1083951294
   7.2199997902,   0.1510959119,  -0.1123753190
   7.2300000191,   0.1499465704,  -0.1149339676
   7.2399997711,   0.1488005966,  -0.1145980954
   7.2500000000,   0.1476751864,  -0.1125412658
   7.2599997520,   0.1465601474,  -0.1115045846
   7.2699999809,   0.1454273760,  -0.1132765487
   7.2799997330,   0.1442568898,  -0.1170486733
   7.2899999619,   0.1430553049,  -0.1201588362
   7.2999997139,   0.1418499202,  -0.1205387861
   7.3099999428,   0.1406637579,  -0.1186156869
   7.3199996948,   0.1394945681,  -0.1169193760
   7.3299999237,   0.1383170038,  -0.1177564561
   7.3399996758,   0.1371061057,  -0.1210896000
   7.3499999046,   0.1358603835,  -0.1245719492
   7.3599996567,   0.1346033365,  -0.1257045716
   7.3699998856,   0.1333619952,  -0.1241344213
   7.3799996376,   0.1321422160,  -0.1219782978
   7.3899998665,   0.1309234500,  -0.1218771115
   7.3999996185,   0.1296777725,  -0.1245679930
   7.4099998474,   0.1283957064,  -0.1282060295
   7.4199995995,   0.1270951033,  -0.1300608963
   7.4299998283,   0.1258048266,  -0.1290272623
   7.4400000572,   0.1245384216,  -0.1266404390
   7.4499998093,   0.1232817695,  -0.1256655306
   7.4600000381,   0.1220062226,  -0.1275547445
   7.4699997902,   0.1206950992,  -0.1311123967
   7.4800000191,   0.1193591580,  -0.1335942596
   7.4899997711,   0.1180268526,  -0.1332306117
   7.5000000000,   0.1167183220,  -0.1308532804
   7.5099997520,   0.1154270098,  -0.1291309744
   7.5199999809,   0.1141258553,  -0.1301156431
   7.5299997330,   0.1127922982,  -0.1333559602
   7.5399999619,   0.1114291772,  -0.1363123357
   7.5499997139,   0.1100622565,  -0.1366917789
   7.5599999428,   0.1087166965,  -0.1345561445
   7.5699996948,   0.1073940471,  -0.1322652400
   7.5799999237,   0.1060709730,  -0.1323073059
   7.5899996758,   0.1047208607,  -0.1350113600
   7.5999999046,   0.1033384129,  -0.1382447779
   7.6099996567,   0.1019446775,  -0.1393738836
   7.6199998856,   0.1005678177,  -0.1376857758
   7.6299996376,   0.0992173851,  -0.1350431740
   7.6399998665,   0.0978756621,  -0.1341723651
   7.6499996185,   0.0965140909,  -0.1361567676
   7.6599998474,   0.0951196849,  -0.1394403875
   7.6699995995,   0.0937070996,  -0.1412588954
   7.6799998283,   0.0923052877,  -0.1401811838
   7.6900000572,   0.0909310430,  -0.1374246925
   7.6999998093,   0.0895736739,  -0.1357368082
   7.7100000381,   0.0882049873,  -0.1368684620
   7.7199997902,   0.0868053436,  -0.1399645656
   7.7300000191,   0.0853818431,  -0.1423502266
   7.7399997711,   0.0839619413,  -0.1419900507
   7.7500000000,   0.0825683475,  -0.1393595785
   7.7599997520,   0.0811982676,  -0.1370080858
   7.7699999809,   0.0798261166,  -0.1372148693
   7.7799997330,   0.0784271806,  -0.1398936957
   7.7899999619,   0.0770004615,  -0.1426721960
   7.7999997139,   0.0755697340,  -0.1430730075
   7.8099999428,   0.0741618201,  -0.1407915652
   7.8199996948,   0.0727820620,  -0.1379761100
   7.8299999237,   0.0714095309,  -0.1372527480
   7.8399996758,   0.0700164214,  -0.1393110305
   7.8499999046,   0.0685937181,  -0.1422700733
   7.8599996567,   0.0671596378,  -0.1434078366
   7.8699998856,   0.0657429993,  -0.1416640729
   7.8799996376,   0.0643568560,  -0.1386146098
   7.8899998665,   0.0629866272,  -0.1370231658
   7.8999996185,   0.0616036244,  -0.1383004338
   7.9099998474,   0.0601915568,  -0.1412066221
   7.9199995995,   0.0587616377,  -0.1429920346
   7.9299998283,   0.0573423877,  -0.1419250071
   7.9400000572,   0.0559535511,  -0.1388836652
   7.9499998093,   0.0545880571,  -0.1365493387
   7.9600000381,   0.0532186478,  -0.1369408816
   7.9699997902,   0.0518230610,  -0.1395587921
   7.9800000191,   0.0504046157,  -0.1418445855
   7.9899997711,   0.0489892848,  -0.1415330321
   8.0000000000,   0.0476019345,  -0.1387349516
   8.0100002289,   0.0462435819,  -0.1358353794
   8.0199995041,   0.0448905751,  -0.1353008598
   8.0299997330,   0.0435164571,  -0.1374116689
   8.0399999619,   0.0421164110,  -0.1400045604
   8.0500001907,   0.0407117978,  -0.1404612809
   8.0599994659,   0.0393306352,  -0.1381161660
   8.0699996948,   0.0379819535,  -0.1348681301
   8.0799999237,   0.0366476029,  -0.1334349513
   8.0900001526,   0.0352990590,  -0.1348545551
   8.0999994278,   0.0339237489,  -0.1375308782
   8.1099996567,   0.0325367339,  -0.1387015581
   8.1199998856,   0.0311669614,  -0.1369773299
   8.1300001144,   0.0298307650,  -0.1336196214
   8.1399993896,   0.0285169557,  -0.1313810050
   8.1499996185,   0.0271972138,  -0.1319741309
   8.1599998474,   0.0258522350,  -0.1344978511
   8.1700000763,   0.0244895834,  -0.1362651885
   8.1799993515,   0.0231368411,  -0.1352742463
   8.1899995804,   0.0218163542,  -0.1320487857
   8.1999998093,   0.0205247886,  -0.1291564852
   8.2100000381,   0.0192363001,  -0.1288488507
   8.2200002670,   0.0179263931,  -0.1309906989
   8.2299995422,   0.0165945441,  -0.1331849098
   8.2399997711,   0.0152647793,  -0.1329764724
   8.2500000000,   0.0139636872,  -0.1301091760
   8.2600002289,   0.0126960669,  -0.1267620325
   8.2699995041,   0.0114406133,  -0.1255453825
   8.2799997330,   0.0101696020,  -0.1271011531
   8.2899999619,   0.0088744704,  -0.1295131743
   8.3000001907,   0.0075737862,  -0.1300684065
   8.3099994659,   0.0062962677,  -0.1277518272
   8.3199996948,   0.0050544720,  -0.1241795868
   8.3299999237,   0.0038333395,  -0.1221132502
   8.3400001526,   0.0026041307,  -0.1229208857
   8.3499994278,   0.0013509367,  -0.1253193915
   8.3599996567,   0.0000853925,  -0.1265544295
   8.3699998856,  -0.0011639327,  -0.1249325275
   8.3800001144,  -0.0023777157,  -0.1213782951
   8.3899993896,  -0.0035635619,  -0.1185846403
   8.3999996185,  -0.0047489270,  -0.1185364947
   8.4099998474,  -0.0059557934,  -0.1206866428
   8.4200000763,  -0.0071803769,  -0.1224583536
   8.4299993515,  -0.0083965249,  -0.1216148287
   8.4399995804,  -0.0095796837,  -0.1183158904
   8.4499998093,  -0.0107293911,  -0.1149707362
   8.4600000381,  -0.0118696280,  -0.1140236557
   8.4700002670,  -0.0130266901,  -0.1157062501
   8.4799995422,  -0.0142049398,  -0.1178249344
   8.4899997711,  -0.0153827192,  -0.1177779138
   8.5000000000,  -0.0165321883,  -0.1149468347
   8.5100002289,  -0.0176448487,  -0.1112660915
   8.5199995041,  -0.0187392887,  -0.1094439700
   8.5299997330,  -0.0198440161,  -0.1104727387
   8.5399999619,  -0.0209711865,  -0.1127169654
   8.5500001907,  -0.0221053530,  -0.1134165749
   8.5599994659,  -0.0232176036,  -0.1112250388
   8.5699996948,  -0.0242920760,  -0.1074473336
   8.5799999237,  -0.0253404770,  -0.1048401892
   8.5900001526,  -0.0263912547,  -0.1050777584
   8.5999994278,  -0.0274633784,  -0.1072124466
   8.6099996567,  -0.0285488423,  -0.1085463762
   8.6199998856,  -0.0296199601,  -0.1071117073
   8.6300001144,  -0.0306547601,  -0.1034799293
   8.6399993896,  -0.0316571295,  -0.1002368927
   8.6499996185,  -0.0326531790,  -0.0996048972
   8.6599998474,  -0.0336671807,  -0.1014002785
   8.6700000763,  -0.0346991979,  -0.1032018736
   8.6799993515,  -0.0357249714,  -0.1025773361
   8.6899995804,  -0.0367181674,  -0.0993197337
   8.6999998093,  -0.0376745425,  -0.0956373960
   8.7100000381,  -0.0386157855,  -0.0941243619
   8.7200002670,  -0.0395695344,  -0.0953749344
   8.7299995422,  -0.0405439101,  -0.0974376798
   8.7399997711,  -0.0415200070,  -0.0976097882
   8.7500000000,  -0.0424692221,  -0.0949215963
   8.7600002289,  -0.0433795117,  -0.0910289139
   8.7699995041,  -0.0442664139,  -0.0886902586
   8.7799997330,  -0.0451587215,  -0.0892307982
   8.7899999619,  -0.0460719690,  -0.0913245901
   8.8000001907,  -0.0469941013,  -0.0922131017
   8.8099994659,  -0.0478965193,  -0.0902419835
   8.8199996948,  -0.0487603396,  -0.0863820389
   8.8299999237,  -0.0495937057,  -0.0833366737
   8.8400001526,  -0.0504242741,  -0.0830566585
   8.8499994278,  -0.0512737408,  -0.0849465877
   8.8599996567,  -0.0521378666,  -0.0864125267
   8.8699998856,  -0.0529903360,  -0.0852468386
   8.8800001144,  -0.0538069159,  -0.0816578493
   8.8899993896,  -0.0545877032,  -0.0780788511
   8.8999996185,  -0.0553570092,  -0.0769304112
   8.9099998474,  -0.0561409667,  -0.0783956423
   8.9200000763,  -0.0569434837,  -0.0802515522
   8.9299993515,  -0.0577426143,  -0.0799130276
   8.9399995804,  -0.0585107133,  -0.0768099949
   8.9499998093,  -0.0592398234,  -0.0729110837
   8.9600000381,  -0.0599489659,  -0.0709144399
   8.9700002670,  -0.0606666319,  -0.0717665926
   8.9799995422,  -0.0614045560,  -0.0737925917
   8.9899997711,  -0.0621469170,  -0.0742361546
   9.0000000000,  -0.0628648475,  -0.0717933923
   9.0100002289,  -0.0635429695,  -0.0678123608
   9.0199995041,  -0.0641935021,  -0.0650532916
   9.0299997330,  -0.0648450106,  -0.0651509017
   9.0399999619,  -0.0655161291,  -0.0671121031
   9.0500001907,  -0.0661984161,  -0.0682284161
   9.0599994659,  -0.0668640807,  -0.0665667504
   9.0699996948,  -0.0674915463,  -0.0627466887
   9.0799999237,  -0.0680852532,  -0.0593707338
   9.0900001526,  -0.0686715692,  -0.0586319454
   9.0999994278,  -0.0692745447,  -0.0602975525
   9.1099996567,  -0.0698937774,  -0.0619232133
   9.1199998856,  -0.0705047771,  -0.0611003302
   9.1300001144,  -0.0710814819,  -0.0576704182
   9.1399993896,  -0.0716201961,  -0.0538713858
   9.1499996185,  -0.0721429884,  -0.0522794649
   9.1599998474,  -0.0726774037,  -0.0534413308
   9.1700000763,  -0.0732311159,  -0.0553712323
   9.1799993515,  -0.0737848878,  -0.0553768128
   9.1899995804,  -0.0743102357,  -0.0525348783
   9.1999998093,  -0.0747956336,  -0.0485397018
   9.2100000381,  -0.0752570927,  -0.0461460501
   9.2200002670,  -0.0757234544,  -0.0466360487
   9.2299995422,  -0.0762098581,  -0.0486406833
   9.2399997711,  -0.0767038465,  -0.0493986979
   9.2500000000,  -0.0771767944,  -0.0472948998
   9.2600002289,  -0.0776102543,  -0.0433458835
   9.2699995041,  -0.0780129060,  -0.0402650088
   9.2799997330,  -0.0784125850,  -0.0399677977
   9.2899999619,  -0.0788306966,  -0.0418114662
   9.3000001907,  -0.0792625472,  -0.0431852341
   9.3099994659,  -0.0796816573,  -0.0419113077
   9.3199996948,  -0.0800641254,  -0.0382471196
   9.3299999237,  -0.0804106072,  -0.0346484780
   9.3400001526,  -0.0807457268,  -0.0335121490
   9.3499994278,  -0.0810954496,  -0.0349721014
   9.3599996567,  -0.0814632177,  -0.0367765725
   9.3699998856,  -0.0818267986,  -0.0363583900
   9.3800001144,  -0.0821587518,  -0.0331950299
   9.3899993896,  -0.0824516490,  -0.0292896386
   9.3999996185,  -0.0827249363,  -0.0273287836
   9.4099998474,  -0.0830070674,  -0.0282130819
   9.4200000763,  -0.0833093598,  -0.0302289817
   9.4299993515,  -0.0836156011,  -0.0306242127
   9.4399995804,  -0.0838969871,  -0.0281387195
   9.4499998093,  -0.0841386169,  -0.0241626073
   9.4600000381,  -0.0843532085,  -0.0214587953
   9.4699993134,  -0.0845694318,  -0.0216224324
   9.4799995422,  -0.0848055780,  -0.0236144997
   9.4899997711,  -0.0850527510,  -0.0247174017
   9.5000000000,  -0.0852830783,  -0.0230330415
   9.5100002289,  -0.0854753628,  -0.0192286503
   9.5199995041,  -0.0856345892,  -0.0159229804
   9.5299997330,  -0.0857873783,  -0.0152786532
   9.5399999619,  -0.0859575197,  -0.0170144960
   9.5500001907,  -0.0861441568,  -0.0186633654
   9.5599994659,  -0.0863225684,  -0.0178410634
   9.5699996948,  -0.0864669532,  -0.0144383525
   9.5799999237,  -0.0865741670,  -0.0107211377
   9.5900001526,  -0.0866666436,  -0.0092477119
   9.5999994278,  -0.0867718086,  -0.0105164209
   9.6099996567,  -0.0868968889,  -0.0125077050
   9.6199998856,  -0.0870222971,  -0.0125409821
   9.6300001144,  -0.0871196836,  -0.0097388756
   9.6399993896,  -0.0871780291,  -0.0058345320
   9.6499996185,  -0.0872138068,  -0.0035775802
   9.6599998474,  -0.0872558728,  -0.0042067273
   9.6700000763,  -0.0873189792,  -0.0063107666
   9.6799993515,  -0.0873902366,  -0.0071259462
   9.6899995804,  -0.0874410123,  -0.0050775092
   9.6999998093,  -0.0874532834,  -0.0012269327
   9.7100000381,  -0.0874362513,   0.0017033219
   9.7199993134,  -0.0874179229,   0.0018331486
   9.7299995422,  -0.0874193907,  -0.0001467126
   9.7399997711,  -0.0874354914,  -0.0016101282
   9.7500000000,  -0.0874395892,  -0.0004094903
   9.7600002289,  -0.0874080956,   0.0031490645
   9.7699995041,  -0.0873422176,   0.0065874700
   9.7799997330,  -0.0872668773,   0.0075340620
   9.7899999619,  -0.0872078463,   0.0059034517
   9.8000001907,  -0.0871680900,   0.0039757416
   9.8099994659,  -0.0871250927,   0.0042995838
   9.8199996948,  -0.0870516002,   0.0073489677
   9.8299999237,  -0.0869407207,   0.0110877641
   9.8400001526,  -0.0868123099,   0.0128411613
   9.8499994278,  -0.0866947547,   0.0117552038
   9.8599996567,  -0.0865989402,   0.0095817195
   9.8699998856,  -0.0865082666,   0.0090675419
   9.8800001144,  -0.0863939747,   0.0114294542
   9.8899993896,  -0.0862416252,   0.0152348159
   9.8999996185,  -0.0860644355,   0.0177193079
   9.9099998474,  -0.0858911574,   0.0173279289
   9.9200000763,  -0.0857397094,   0.0151447169
   9.9299993515,  -0.0856007487,   0.0138962753
   9.9399995804,  -0.0854463056,   0.0154443569
   9.9499998093,  -0.0852555558,   0.0190747902
   9.9600000381,  -0.0850340202,   0.0221534707
   9.9699993134,  -0.0848085359,   0.0225484185
   9.9799995422,  -0.0846026391,   0.0205899384
   9.9899997711,  -0.0844149739,   0.0187665001
  10.0000000000,  -0.0842206031,   0.0194374342
